f:\vs\mfc二叉树\mfc二叉树\debug\mfc二叉树.pch
f:\vs\mfc二叉树\mfc二叉树\debug\stdafx.obj
f:\vs\mfc二叉树\mfc二叉树\debug\vc110.pdb
f:\vs\mfc二叉树\mfc二叉树\debug\mfc二叉树.obj
f:\vs\mfc二叉树\mfc二叉树\debug\mfc二叉树dlg.obj
f:\vs\mfc二叉树\debug\mfc二叉树.ilk
f:\vs\mfc二叉树\debug\mfc二叉树.exe
f:\vs\mfc二叉树\debug\mfc二叉树.pdb
f:\vs\mfc二叉树\mfc二叉树\debug\mfc二叉树.res
\\mac\home\documents\mfc二叉树_新\mfc二叉树\debug\mfc二叉树.pch
\\mac\home\documents\mfc二叉树_新\mfc二叉树\debug\vc140.pdb
\\mac\home\documents\mfc二叉树_新\mfc二叉树\debug\vc140.idb
\\mac\home\documents\mfc二叉树_新\mfc二叉树\debug\stdafx.obj
\\mac\home\documents\mfc二叉树_新\mfc二叉树\debug\mfc二叉树.obj
\\mac\home\documents\mfc二叉树_新\mfc二叉树\debug\mfc二叉树dlg.obj
\\mac\home\documents\mfc二叉树_新\debug\mfc二叉树.pdb
\\mac\home\documents\mfc二叉树_新\mfc二叉树\debug\cl.command.1.tlog
\\mac\home\documents\mfc二叉树_新\mfc二叉树\debug\cl.read.1.tlog
\\mac\home\documents\mfc二叉树_新\mfc二叉树\debug\cl.write.1.tlog
\\mac\home\documents\mfc二叉树_新\mfc二叉树\debug\link-cvtres.read.1.tlog
\\mac\home\documents\mfc二叉树_新\mfc二叉树\debug\link-cvtres.write.1.tlog
\\mac\home\documents\mfc二叉树_新\mfc二叉树\debug\link-mt.read.1.tlog
\\mac\home\documents\mfc二叉树_新\mfc二叉树\debug\link-mt.write.1.tlog
\\mac\home\documents\mfc二叉树_新\mfc二叉树\debug\link-rc.read.1.tlog
\\mac\home\documents\mfc二叉树_新\mfc二叉树\debug\link-rc.write.1.tlog
\\mac\home\documents\mfc二叉树_新\mfc二叉树\debug\link.6384-cvtres.read.1.tlog
\\mac\home\documents\mfc二叉树_新\mfc二叉树\debug\link.6384-cvtres.write.1.tlog
\\mac\home\documents\mfc二叉树_新\mfc二叉树\debug\link.6384-mt.read.1.tlog
\\mac\home\documents\mfc二叉树_新\mfc二叉树\debug\link.6384-mt.write.1.tlog
\\mac\home\documents\mfc二叉树_新\mfc二叉树\debug\link.6384-rc.read.1.tlog
\\mac\home\documents\mfc二叉树_新\mfc二叉树\debug\link.6384-rc.write.1.tlog
\\mac\home\documents\mfc二叉树_新\mfc二叉树\debug\link.6384.read.1.tlog
\\mac\home\documents\mfc二叉树_新\mfc二叉树\debug\link.6384.write.1.tlog
\\mac\home\documents\mfc二叉树_新\mfc二叉树\debug\link.6900-cvtres.read.1.tlog
\\mac\home\documents\mfc二叉树_新\mfc二叉树\debug\link.6900-cvtres.write.1.tlog
\\mac\home\documents\mfc二叉树_新\mfc二叉树\debug\link.6900-mt.read.1.tlog
\\mac\home\documents\mfc二叉树_新\mfc二叉树\debug\link.6900-mt.write.1.tlog
\\mac\home\documents\mfc二叉树_新\mfc二叉树\debug\link.6900-rc.read.1.tlog
\\mac\home\documents\mfc二叉树_新\mfc二叉树\debug\link.6900-rc.write.1.tlog
\\mac\home\documents\mfc二叉树_新\mfc二叉树\debug\link.6900.read.1.tlog
\\mac\home\documents\mfc二叉树_新\mfc二叉树\debug\link.6900.write.1.tlog
\\mac\home\documents\mfc二叉树_新\mfc二叉树\debug\link.6980-cvtres.read.1.tlog
\\mac\home\documents\mfc二叉树_新\mfc二叉树\debug\link.6980-cvtres.write.1.tlog
\\mac\home\documents\mfc二叉树_新\mfc二叉树\debug\link.6980-mt.read.1.tlog
\\mac\home\documents\mfc二叉树_新\mfc二叉树\debug\link.6980-mt.write.1.tlog
\\mac\home\documents\mfc二叉树_新\mfc二叉树\debug\link.6980-rc.read.1.tlog
\\mac\home\documents\mfc二叉树_新\mfc二叉树\debug\link.6980-rc.write.1.tlog
\\mac\home\documents\mfc二叉树_新\mfc二叉树\debug\link.6980.read.1.tlog
\\mac\home\documents\mfc二叉树_新\mfc二叉树\debug\link.6980.write.1.tlog
\\mac\home\documents\mfc二叉树_新\mfc二叉树\debug\link.command.1.tlog
\\mac\home\documents\mfc二叉树_新\mfc二叉树\debug\link.read.1.tlog
\\mac\home\documents\mfc二叉树_新\mfc二叉树\debug\link.write.1.tlog
\\mac\home\documents\mfc二叉树_新\mfc二叉树\debug\rc.command.1.tlog
\\mac\home\documents\mfc二叉树_新\mfc二叉树\debug\rc.read.1.tlog
\\mac\home\documents\mfc二叉树_新\mfc二叉树\debug\rc.write.1.tlog
\\mac\home\documents\mfc二叉树_新\mfc二叉树\debug\mfc二叉树.res
\\mac\home\documents\mfc二叉树_新\mfc二叉树\debug\vc110.idb
\\mac\home\documents\mfc二叉树_新\mfc二叉树\debug\vc110.pdb
\\mac\home\documents\mfc二叉树_新\debug\mfc二叉树.exe
\\mac\home\documents\mfc二叉树_新\debug\mfc二叉树.ilk
\\mac\home\documents\mfc二叉树_新\mfc二叉树\debug\mfc二叉树.tlog\cl.command.1.tlog
\\mac\home\documents\mfc二叉树_新\mfc二叉树\debug\mfc二叉树.tlog\cl.read.1.tlog
\\mac\home\documents\mfc二叉树_新\mfc二叉树\debug\mfc二叉树.tlog\cl.write.1.tlog
\\mac\home\documents\mfc二叉树_新\mfc二叉树\debug\mfc二叉树.tlog\link.command.1.tlog
\\mac\home\documents\mfc二叉树_新\mfc二叉树\debug\mfc二叉树.tlog\link.read.1.tlog
\\mac\home\documents\mfc二叉树_新\mfc二叉树\debug\mfc二叉树.tlog\link.write.1.tlog
\\mac\home\documents\mfc二叉树_新\mfc二叉树\debug\mfc二叉树.tlog\rc.command.1.tlog
\\mac\home\documents\mfc二叉树_新\mfc二叉树\debug\mfc二叉树.tlog\rc.read.1.tlog
\\mac\home\documents\mfc二叉树_新\mfc二叉树\debug\mfc二叉树.tlog\rc.write.1.tlog
